<?xml version="1.0" encoding="utf-8"?>
<TestRun id="c6a01a1b-6a11-472d-8404-3828dbca0e40" name="mounir@DESKTOP-37N0VEC 2025-10-01 09:45:52" runUser="DESKTOP-37N0VEC\mounir" xmlns="http://microsoft.com/schemas/VisualStudio/TeamTest/2010">
  <Times creation="2025-10-01T09:45:52.3350490+03:00" queuing="2025-10-01T09:45:52.3350495+03:00" start="2025-10-01T09:45:51.6313520+03:00" finish="2025-10-01T09:45:52.4943841+03:00" />
  <TestSettings name="default" id="7563e9d0-ee86-45c1-97d8-91ab83f89c57">
    <Deployment runDeploymentRoot="mounir_DESKTOP-37N0VEC_2025-10-01_09_45_52" />
  </TestSettings>
  <Results>
    <UnitTestResult executionId="cc229b4c-f1e2-4108-af4b-51a07c335da1" testId="b498f6fd-02af-e23e-af88-e58ad7a29338" testName="BackendWebService.Domain.UnitTests.ProjectSetupValidationTests.XUnit_Theory_ShouldBeWorking(a: 1, b: 2, expectedSum: 3)" computerName="DESKTOP-37N0VEC" duration="00:00:00.0001878" startTime="2025-10-01T09:45:52.3096719+03:00" endTime="2025-10-01T09:45:52.3096720+03:00" testType="13cdc9d9-ddb5-4fa4-a97d-d965ccfc6d4b" outcome="Passed" testListId="8c84fa94-04c1-424b-9868-57a2d4851a1d" relativeResultsDirectory="cc229b4c-f1e2-4108-af4b-51a07c335da1" />
    <UnitTestResult executionId="233c0f90-94e3-4797-a417-c5290e6239cf" testId="602ae27f-3fb7-4711-c62e-0b2df7a25342" testName="BackendWebService.Domain.UnitTests.CategoryTests.Category_Constructor_ShouldInitializeWithDefaultValues" computerName="DESKTOP-37N0VEC" duration="00:00:00.0014338" startTime="2025-10-01T09:45:52.3199762+03:00" endTime="2025-10-01T09:45:52.3199763+03:00" testType="13cdc9d9-ddb5-4fa4-a97d-d965ccfc6d4b" outcome="Passed" testListId="8c84fa94-04c1-424b-9868-57a2d4851a1d" relativeResultsDirectory="233c0f90-94e3-4797-a417-c5290e6239cf" />
    <UnitTestResult executionId="d768675f-b4ee-46bc-97da-a998538a6eea" testId="24c738e6-bfaf-e0fb-6d20-52dffee764a2" testName="BackendWebService.Domain.UnitTests.ProjectSetupValidationTests.XUnit_Theory_ShouldBeWorking(a: 5, b: 10, expectedSum: 15)" computerName="DESKTOP-37N0VEC" duration="00:00:00.0001419" startTime="2025-10-01T09:45:52.3099382+03:00" endTime="2025-10-01T09:45:52.3099382+03:00" testType="13cdc9d9-ddb5-4fa4-a97d-d965ccfc6d4b" outcome="Passed" testListId="8c84fa94-04c1-424b-9868-57a2d4851a1d" relativeResultsDirectory="d768675f-b4ee-46bc-97da-a998538a6eea" />
    <UnitTestResult executionId="9f814d48-c003-4c72-a044-da5b4628ea38" testId="192ac2fd-2512-381c-fb3e-e43cc5d4df3d" testName="BackendWebService.Domain.UnitTests.ProjectSetupValidationTests.FluentAssertions_ShouldBeWorking" computerName="DESKTOP-37N0VEC" duration="00:00:00.0465435" startTime="2025-10-01T09:45:52.3050893+03:00" endTime="2025-10-01T09:45:52.3050977+03:00" testType="13cdc9d9-ddb5-4fa4-a97d-d965ccfc6d4b" outcome="Passed" testListId="8c84fa94-04c1-424b-9868-57a2d4851a1d" relativeResultsDirectory="9f814d48-c003-4c72-a044-da5b4628ea38" />
    <UnitTestResult executionId="3783ef9b-d237-4f4e-bbe5-68f94f3e37f3" testId="7d8e6fd0-a53f-778e-4e46-6f1b80381298" testName="BackendWebService.Domain.UnitTests.CategoryTests.Category_Equals_WithSameId_ShouldReturnTrue" computerName="DESKTOP-37N0VEC" duration="00:00:00.0001544" startTime="2025-10-01T09:45:52.3201373+03:00" endTime="2025-10-01T09:45:52.3201373+03:00" testType="13cdc9d9-ddb5-4fa4-a97d-d965ccfc6d4b" outcome="Passed" testListId="8c84fa94-04c1-424b-9868-57a2d4851a1d" relativeResultsDirectory="3783ef9b-d237-4f4e-bbe5-68f94f3e37f3" />
    <UnitTestResult executionId="0db79b14-581a-44c3-919c-7a47caf6198a" testId="a47de290-9f25-04d7-e6c3-58e146689e59" testName="BackendWebService.Domain.UnitTests.CategoryTests.Category_Equals_WithDifferentId_ShouldReturnFalse" computerName="DESKTOP-37N0VEC" duration="00:00:00.0009422" startTime="2025-10-01T09:45:52.3101837+03:00" endTime="2025-10-01T09:45:52.3101837+03:00" testType="13cdc9d9-ddb5-4fa4-a97d-d965ccfc6d4b" outcome="Passed" testListId="8c84fa94-04c1-424b-9868-57a2d4851a1d" relativeResultsDirectory="0db79b14-581a-44c3-919c-7a47caf6198a" />
    <UnitTestResult executionId="3188ad54-5623-4075-a9c9-265144fcf190" testId="600decf2-bcab-e3b7-7c62-97c08230bd21" testName="BackendWebService.Domain.UnitTests.CategoryTests.Category_GetHashCode_WithDifferentId_ShouldReturnDifferentValue" computerName="DESKTOP-37N0VEC" duration="00:00:00.0001391" startTime="2025-10-01T09:45:52.3202690+03:00" endTime="2025-10-01T09:45:52.3202690+03:00" testType="13cdc9d9-ddb5-4fa4-a97d-d965ccfc6d4b" outcome="Passed" testListId="8c84fa94-04c1-424b-9868-57a2d4851a1d" relativeResultsDirectory="3188ad54-5623-4075-a9c9-265144fcf190" />
    <UnitTestResult executionId="934a8fc9-d08c-4ff3-b736-287124634fe6" testId="f1a6cc65-5b15-ee31-61e9-3d2d310a2df1" testName="BackendWebService.Domain.UnitTests.CategoryTests.Category_WithFileId_ShouldSetFileId" computerName="DESKTOP-37N0VEC" duration="00:00:00.0001037" startTime="2025-10-01T09:45:52.3094506+03:00" endTime="2025-10-01T09:45:52.3094506+03:00" testType="13cdc9d9-ddb5-4fa4-a97d-d965ccfc6d4b" outcome="Passed" testListId="8c84fa94-04c1-424b-9868-57a2d4851a1d" relativeResultsDirectory="934a8fc9-d08c-4ff3-b736-287124634fe6" />
    <UnitTestResult executionId="ce60e59b-ebde-4215-a1d8-7701e4d09e6c" testId="a589ca35-4edc-7650-c216-ba86e81ae99d" testName="BackendWebService.Domain.UnitTests.ProjectSetupValidationTests.XUnit_ShouldBeWorking" computerName="DESKTOP-37N0VEC" duration="00:00:00.0000627" startTime="2025-10-01T09:45:52.3314336+03:00" endTime="2025-10-01T09:45:52.3314337+03:00" testType="13cdc9d9-ddb5-4fa4-a97d-d965ccfc6d4b" outcome="Passed" testListId="8c84fa94-04c1-424b-9868-57a2d4851a1d" relativeResultsDirectory="ce60e59b-ebde-4215-a1d8-7701e4d09e6c" />
    <UnitTestResult executionId="575e4ab2-ecbd-48c4-8164-ef86031e9152" testId="f57b7515-bbd6-5967-55ed-5f31ddf6f6d4" testName="BackendWebService.Domain.UnitTests.CategoryTests.Category_GetHashCode_WithSameId_ShouldReturnSameValue" computerName="DESKTOP-37N0VEC" duration="00:00:00.0001648" startTime="2025-10-01T09:45:52.3098055+03:00" endTime="2025-10-01T09:45:52.3098055+03:00" testType="13cdc9d9-ddb5-4fa4-a97d-d965ccfc6d4b" outcome="Passed" testListId="8c84fa94-04c1-424b-9868-57a2d4851a1d" relativeResultsDirectory="575e4ab2-ecbd-48c4-8164-ef86031e9152" />
    <UnitTestResult executionId="f000f264-a434-4acf-a2fc-07c1d7e2da91" testId="a1310863-6ebb-14cc-ca1c-c78d2af0286a" testName="BackendWebService.Domain.UnitTests.ProjectSetupValidationTests.XUnit_Theory_ShouldBeWorking(a: -1, b: 1, expectedSum: 0)" computerName="DESKTOP-37N0VEC" duration="00:00:00.0000028" startTime="2025-10-01T09:45:52.3100617+03:00" endTime="2025-10-01T09:45:52.3100617+03:00" testType="13cdc9d9-ddb5-4fa4-a97d-d965ccfc6d4b" outcome="Passed" testListId="8c84fa94-04c1-424b-9868-57a2d4851a1d" relativeResultsDirectory="f000f264-a434-4acf-a2fc-07c1d7e2da91" />
    <UnitTestResult executionId="f532caf0-e3f7-4450-9d15-0766a04fafa8" testId="45eb3cbf-adc1-3768-a8de-3328e5688282" testName="BackendWebService.Domain.UnitTests.CategoryTests.Category_WithParentId_ShouldSetParentId" computerName="DESKTOP-37N0VEC" duration="00:00:00.0457253" startTime="2025-10-01T09:45:52.3087125+03:00" endTime="2025-10-01T09:45:52.3087125+03:00" testType="13cdc9d9-ddb5-4fa4-a97d-d965ccfc6d4b" outcome="Passed" testListId="8c84fa94-04c1-424b-9868-57a2d4851a1d" relativeResultsDirectory="f532caf0-e3f7-4450-9d15-0766a04fafa8" />
    <UnitTestResult executionId="0638f61c-bc02-431b-932e-c772c7b1d4b1" testId="4d8e0e07-12f5-6e3f-d5d7-57b158545cd0" testName="BackendWebService.Domain.UnitTests.ProjectSetupValidationTests.Moq_ShouldBeWorking" computerName="DESKTOP-37N0VEC" duration="00:00:00.0260485" startTime="2025-10-01T09:45:52.3311911+03:00" endTime="2025-10-01T09:45:52.3311914+03:00" testType="13cdc9d9-ddb5-4fa4-a97d-d965ccfc6d4b" outcome="Passed" testListId="8c84fa94-04c1-424b-9868-57a2d4851a1d" relativeResultsDirectory="0638f61c-bc02-431b-932e-c772c7b1d4b1" />
  </Results>
  <TestDefinitions>
    <UnitTest name="BackendWebService.Domain.UnitTests.ProjectSetupValidationTests.XUnit_Theory_ShouldBeWorking(a: 1, b: 2, expectedSum: 3)" storage="c:\users\mounir\source\repos\backendwebservice\backendwebservice.domain.unittests\bin\debug\net8.0\backendwebservice.domain.unittests.dll" id="b498f6fd-02af-e23e-af88-e58ad7a29338">
      <Execution id="cc229b4c-f1e2-4108-af4b-51a07c335da1" />
      <TestMethod codeBase="C:\Users\mounir\source\repos\BackendWebService\BackendWebService.Domain.UnitTests\bin\Debug\net8.0\BackendWebService.Domain.UnitTests.dll" adapterTypeName="executor://xunit/VsTestRunner2/netcoreapp" className="BackendWebService.Domain.UnitTests.ProjectSetupValidationTests" name="XUnit_Theory_ShouldBeWorking" />
    </UnitTest>
    <UnitTest name="BackendWebService.Domain.UnitTests.CategoryTests.Category_Equals_WithSameId_ShouldReturnTrue" storage="c:\users\mounir\source\repos\backendwebservice\backendwebservice.domain.unittests\bin\debug\net8.0\backendwebservice.domain.unittests.dll" id="7d8e6fd0-a53f-778e-4e46-6f1b80381298">
      <Execution id="3783ef9b-d237-4f4e-bbe5-68f94f3e37f3" />
      <TestMethod codeBase="C:\Users\mounir\source\repos\BackendWebService\BackendWebService.Domain.UnitTests\bin\Debug\net8.0\BackendWebService.Domain.UnitTests.dll" adapterTypeName="executor://xunit/VsTestRunner2/netcoreapp" className="BackendWebService.Domain.UnitTests.CategoryTests" name="Category_Equals_WithSameId_ShouldReturnTrue" />
    </UnitTest>
    <UnitTest name="BackendWebService.Domain.UnitTests.CategoryTests.Category_WithFileId_ShouldSetFileId" storage="c:\users\mounir\source\repos\backendwebservice\backendwebservice.domain.unittests\bin\debug\net8.0\backendwebservice.domain.unittests.dll" id="f1a6cc65-5b15-ee31-61e9-3d2d310a2df1">
      <Execution id="934a8fc9-d08c-4ff3-b736-287124634fe6" />
      <TestMethod codeBase="C:\Users\mounir\source\repos\BackendWebService\BackendWebService.Domain.UnitTests\bin\Debug\net8.0\BackendWebService.Domain.UnitTests.dll" adapterTypeName="executor://xunit/VsTestRunner2/netcoreapp" className="BackendWebService.Domain.UnitTests.CategoryTests" name="Category_WithFileId_ShouldSetFileId" />
    </UnitTest>
    <UnitTest name="BackendWebService.Domain.UnitTests.CategoryTests.Category_WithParentId_ShouldSetParentId" storage="c:\users\mounir\source\repos\backendwebservice\backendwebservice.domain.unittests\bin\debug\net8.0\backendwebservice.domain.unittests.dll" id="45eb3cbf-adc1-3768-a8de-3328e5688282">
      <Execution id="f532caf0-e3f7-4450-9d15-0766a04fafa8" />
      <TestMethod codeBase="C:\Users\mounir\source\repos\BackendWebService\BackendWebService.Domain.UnitTests\bin\Debug\net8.0\BackendWebService.Domain.UnitTests.dll" adapterTypeName="executor://xunit/VsTestRunner2/netcoreapp" className="BackendWebService.Domain.UnitTests.CategoryTests" name="Category_WithParentId_ShouldSetParentId" />
    </UnitTest>
    <UnitTest name="BackendWebService.Domain.UnitTests.ProjectSetupValidationTests.XUnit_Theory_ShouldBeWorking(a: 5, b: 10, expectedSum: 15)" storage="c:\users\mounir\source\repos\backendwebservice\backendwebservice.domain.unittests\bin\debug\net8.0\backendwebservice.domain.unittests.dll" id="24c738e6-bfaf-e0fb-6d20-52dffee764a2">
      <Execution id="d768675f-b4ee-46bc-97da-a998538a6eea" />
      <TestMethod codeBase="C:\Users\mounir\source\repos\BackendWebService\BackendWebService.Domain.UnitTests\bin\Debug\net8.0\BackendWebService.Domain.UnitTests.dll" adapterTypeName="executor://xunit/VsTestRunner2/netcoreapp" className="BackendWebService.Domain.UnitTests.ProjectSetupValidationTests" name="XUnit_Theory_ShouldBeWorking" />
    </UnitTest>
    <UnitTest name="BackendWebService.Domain.UnitTests.ProjectSetupValidationTests.Moq_ShouldBeWorking" storage="c:\users\mounir\source\repos\backendwebservice\backendwebservice.domain.unittests\bin\debug\net8.0\backendwebservice.domain.unittests.dll" id="4d8e0e07-12f5-6e3f-d5d7-57b158545cd0">
      <Execution id="0638f61c-bc02-431b-932e-c772c7b1d4b1" />
      <TestMethod codeBase="C:\Users\mounir\source\repos\BackendWebService\BackendWebService.Domain.UnitTests\bin\Debug\net8.0\BackendWebService.Domain.UnitTests.dll" adapterTypeName="executor://xunit/VsTestRunner2/netcoreapp" className="BackendWebService.Domain.UnitTests.ProjectSetupValidationTests" name="Moq_ShouldBeWorking" />
    </UnitTest>
    <UnitTest name="BackendWebService.Domain.UnitTests.CategoryTests.Category_Constructor_ShouldInitializeWithDefaultValues" storage="c:\users\mounir\source\repos\backendwebservice\backendwebservice.domain.unittests\bin\debug\net8.0\backendwebservice.domain.unittests.dll" id="602ae27f-3fb7-4711-c62e-0b2df7a25342">
      <Execution id="233c0f90-94e3-4797-a417-c5290e6239cf" />
      <TestMethod codeBase="C:\Users\mounir\source\repos\BackendWebService\BackendWebService.Domain.UnitTests\bin\Debug\net8.0\BackendWebService.Domain.UnitTests.dll" adapterTypeName="executor://xunit/VsTestRunner2/netcoreapp" className="BackendWebService.Domain.UnitTests.CategoryTests" name="Category_Constructor_ShouldInitializeWithDefaultValues" />
    </UnitTest>
    <UnitTest name="BackendWebService.Domain.UnitTests.CategoryTests.Category_Equals_WithDifferentId_ShouldReturnFalse" storage="c:\users\mounir\source\repos\backendwebservice\backendwebservice.domain.unittests\bin\debug\net8.0\backendwebservice.domain.unittests.dll" id="a47de290-9f25-04d7-e6c3-58e146689e59">
      <Execution id="0db79b14-581a-44c3-919c-7a47caf6198a" />
      <TestMethod codeBase="C:\Users\mounir\source\repos\BackendWebService\BackendWebService.Domain.UnitTests\bin\Debug\net8.0\BackendWebService.Domain.UnitTests.dll" adapterTypeName="executor://xunit/VsTestRunner2/netcoreapp" className="BackendWebService.Domain.UnitTests.CategoryTests" name="Category_Equals_WithDifferentId_ShouldReturnFalse" />
    </UnitTest>
    <UnitTest name="BackendWebService.Domain.UnitTests.ProjectSetupValidationTests.XUnit_Theory_ShouldBeWorking(a: -1, b: 1, expectedSum: 0)" storage="c:\users\mounir\source\repos\backendwebservice\backendwebservice.domain.unittests\bin\debug\net8.0\backendwebservice.domain.unittests.dll" id="a1310863-6ebb-14cc-ca1c-c78d2af0286a">
      <Execution id="f000f264-a434-4acf-a2fc-07c1d7e2da91" />
      <TestMethod codeBase="C:\Users\mounir\source\repos\BackendWebService\BackendWebService.Domain.UnitTests\bin\Debug\net8.0\BackendWebService.Domain.UnitTests.dll" adapterTypeName="executor://xunit/VsTestRunner2/netcoreapp" className="BackendWebService.Domain.UnitTests.ProjectSetupValidationTests" name="XUnit_Theory_ShouldBeWorking" />
    </UnitTest>
    <UnitTest name="BackendWebService.Domain.UnitTests.CategoryTests.Category_GetHashCode_WithDifferentId_ShouldReturnDifferentValue" storage="c:\users\mounir\source\repos\backendwebservice\backendwebservice.domain.unittests\bin\debug\net8.0\backendwebservice.domain.unittests.dll" id="600decf2-bcab-e3b7-7c62-97c08230bd21">
      <Execution id="3188ad54-5623-4075-a9c9-265144fcf190" />
      <TestMethod codeBase="C:\Users\mounir\source\repos\BackendWebService\BackendWebService.Domain.UnitTests\bin\Debug\net8.0\BackendWebService.Domain.UnitTests.dll" adapterTypeName="executor://xunit/VsTestRunner2/netcoreapp" className="BackendWebService.Domain.UnitTests.CategoryTests" name="Category_GetHashCode_WithDifferentId_ShouldReturnDifferentValue" />
    </UnitTest>
    <UnitTest name="BackendWebService.Domain.UnitTests.ProjectSetupValidationTests.FluentAssertions_ShouldBeWorking" storage="c:\users\mounir\source\repos\backendwebservice\backendwebservice.domain.unittests\bin\debug\net8.0\backendwebservice.domain.unittests.dll" id="192ac2fd-2512-381c-fb3e-e43cc5d4df3d">
      <Execution id="9f814d48-c003-4c72-a044-da5b4628ea38" />
      <TestMethod codeBase="C:\Users\mounir\source\repos\BackendWebService\BackendWebService.Domain.UnitTests\bin\Debug\net8.0\BackendWebService.Domain.UnitTests.dll" adapterTypeName="executor://xunit/VsTestRunner2/netcoreapp" className="BackendWebService.Domain.UnitTests.ProjectSetupValidationTests" name="FluentAssertions_ShouldBeWorking" />
    </UnitTest>
    <UnitTest name="BackendWebService.Domain.UnitTests.CategoryTests.Category_GetHashCode_WithSameId_ShouldReturnSameValue" storage="c:\users\mounir\source\repos\backendwebservice\backendwebservice.domain.unittests\bin\debug\net8.0\backendwebservice.domain.unittests.dll" id="f57b7515-bbd6-5967-55ed-5f31ddf6f6d4">
      <Execution id="575e4ab2-ecbd-48c4-8164-ef86031e9152" />
      <TestMethod codeBase="C:\Users\mounir\source\repos\BackendWebService\BackendWebService.Domain.UnitTests\bin\Debug\net8.0\BackendWebService.Domain.UnitTests.dll" adapterTypeName="executor://xunit/VsTestRunner2/netcoreapp" className="BackendWebService.Domain.UnitTests.CategoryTests" name="Category_GetHashCode_WithSameId_ShouldReturnSameValue" />
    </UnitTest>
    <UnitTest name="BackendWebService.Domain.UnitTests.ProjectSetupValidationTests.XUnit_ShouldBeWorking" storage="c:\users\mounir\source\repos\backendwebservice\backendwebservice.domain.unittests\bin\debug\net8.0\backendwebservice.domain.unittests.dll" id="a589ca35-4edc-7650-c216-ba86e81ae99d">
      <Execution id="ce60e59b-ebde-4215-a1d8-7701e4d09e6c" />
      <TestMethod codeBase="C:\Users\mounir\source\repos\BackendWebService\BackendWebService.Domain.UnitTests\bin\Debug\net8.0\BackendWebService.Domain.UnitTests.dll" adapterTypeName="executor://xunit/VsTestRunner2/netcoreapp" className="BackendWebService.Domain.UnitTests.ProjectSetupValidationTests" name="XUnit_ShouldBeWorking" />
    </UnitTest>
  </TestDefinitions>
  <TestEntries>
    <TestEntry testId="b498f6fd-02af-e23e-af88-e58ad7a29338" executionId="cc229b4c-f1e2-4108-af4b-51a07c335da1" testListId="8c84fa94-04c1-424b-9868-57a2d4851a1d" />
    <TestEntry testId="602ae27f-3fb7-4711-c62e-0b2df7a25342" executionId="233c0f90-94e3-4797-a417-c5290e6239cf" testListId="8c84fa94-04c1-424b-9868-57a2d4851a1d" />
    <TestEntry testId="24c738e6-bfaf-e0fb-6d20-52dffee764a2" executionId="d768675f-b4ee-46bc-97da-a998538a6eea" testListId="8c84fa94-04c1-424b-9868-57a2d4851a1d" />
    <TestEntry testId="192ac2fd-2512-381c-fb3e-e43cc5d4df3d" executionId="9f814d48-c003-4c72-a044-da5b4628ea38" testListId="8c84fa94-04c1-424b-9868-57a2d4851a1d" />
    <TestEntry testId="7d8e6fd0-a53f-778e-4e46-6f1b80381298" executionId="3783ef9b-d237-4f4e-bbe5-68f94f3e37f3" testListId="8c84fa94-04c1-424b-9868-57a2d4851a1d" />
    <TestEntry testId="a47de290-9f25-04d7-e6c3-58e146689e59" executionId="0db79b14-581a-44c3-919c-7a47caf6198a" testListId="8c84fa94-04c1-424b-9868-57a2d4851a1d" />
    <TestEntry testId="600decf2-bcab-e3b7-7c62-97c08230bd21" executionId="3188ad54-5623-4075-a9c9-265144fcf190" testListId="8c84fa94-04c1-424b-9868-57a2d4851a1d" />
    <TestEntry testId="f1a6cc65-5b15-ee31-61e9-3d2d310a2df1" executionId="934a8fc9-d08c-4ff3-b736-287124634fe6" testListId="8c84fa94-04c1-424b-9868-57a2d4851a1d" />
    <TestEntry testId="a589ca35-4edc-7650-c216-ba86e81ae99d" executionId="ce60e59b-ebde-4215-a1d8-7701e4d09e6c" testListId="8c84fa94-04c1-424b-9868-57a2d4851a1d" />
    <TestEntry testId="f57b7515-bbd6-5967-55ed-5f31ddf6f6d4" executionId="575e4ab2-ecbd-48c4-8164-ef86031e9152" testListId="8c84fa94-04c1-424b-9868-57a2d4851a1d" />
    <TestEntry testId="a1310863-6ebb-14cc-ca1c-c78d2af0286a" executionId="f000f264-a434-4acf-a2fc-07c1d7e2da91" testListId="8c84fa94-04c1-424b-9868-57a2d4851a1d" />
    <TestEntry testId="45eb3cbf-adc1-3768-a8de-3328e5688282" executionId="f532caf0-e3f7-4450-9d15-0766a04fafa8" testListId="8c84fa94-04c1-424b-9868-57a2d4851a1d" />
    <TestEntry testId="4d8e0e07-12f5-6e3f-d5d7-57b158545cd0" executionId="0638f61c-bc02-431b-932e-c772c7b1d4b1" testListId="8c84fa94-04c1-424b-9868-57a2d4851a1d" />
  </TestEntries>
  <TestLists>
    <TestList name="Results Not in a List" id="8c84fa94-04c1-424b-9868-57a2d4851a1d" />
    <TestList name="All Loaded Results" id="19431567-8539-422a-85d7-44ee4e166bda" />
  </TestLists>
  <ResultSummary outcome="Completed">
    <Counters total="13" executed="13" passed="13" failed="0" error="0" timeout="0" aborted="0" inconclusive="0" passedButRunAborted="0" notRunnable="0" notExecuted="0" disconnected="0" warning="0" completed="0" inProgress="0" pending="0" />
    <Output>
      <StdOut>[xUnit.net 00:00:00.00] xUnit.net VSTest Adapter v2.5.3.1+6b60a9e56a (64-bit .NET 8.0.19)&#xD;
[xUnit.net 00:00:00.04]   Discovering: BackendWebService.Domain.UnitTests&#xD;
[xUnit.net 00:00:00.06]   Discovered:  BackendWebService.Domain.UnitTests&#xD;
[xUnit.net 00:00:00.06]   Starting:    BackendWebService.Domain.UnitTests&#xD;
[xUnit.net 00:00:00.15]   Finished:    BackendWebService.Domain.UnitTests&#xD;
</StdOut>
    </Output>
    <CollectorDataEntries>
      <Collector agentName="DESKTOP-37N0VEC" uri="datacollector://microsoft/CoverletCodeCoverage/1.0" collectorDisplayName="XPlat code coverage">
        <UriAttachments>
          <UriAttachment>
            <A href="DESKTOP-37N0VEC\coverage.cobertura.xml"></A>
          </UriAttachment>
        </UriAttachments>
      </Collector>
    </CollectorDataEntries>
  </ResultSummary>
</TestRun>